<?xml version="1.0" encoding="UTF-8"?>
<!-- Generated by org.testng.reporters.JUnitReportReporter -->
<testsuite hostname="Pranay" failures="0" tests="1" name="testNG.VerifyDateAndCountry" time="359.744" errors="0" timestamp="2022-12-11T21:05:34 IST" skipped="0">
  <testcase classname="testNG.VerifyDateAndCountry" name="verifyReleseDateAndCountryNameOnWiki" time="359.744"/>
  <system-out/>
</testsuite> <!-- testNG.VerifyDateAndCountry -->
