<?xml version="1.0" encoding="UTF-8"?>
<!-- Generated by org.testng.reporters.JUnitReportReporter -->
<testsuite hostname="Pranay" failures="0" tests="1" name="testNG.VerifyDateAndCountry" time="63.049" errors="0" timestamp="2022-12-11T12:59:30 IST" skipped="0">
  <testcase classname="testNG.VerifyDateAndCountry" name="verifyReleseDateAndCountryNameOnWiki" time="63.049"/>
  <system-out/>
</testsuite> <!-- testNG.VerifyDateAndCountry -->
